<?xml version="1.0" encoding="UTF-8" standalone="no"?><testsuite errors="0" failures="2" name="Autenticación de usuarios" skipped="0" tests="4" time="0.58" timestamp="2024-05-28 03:05:40"><testcase name="Iniciar sesion con credenciales validas"><failure message="Invalid URL: Login" type="java.lang.AssertionError">Invalid URL: Login</failure><system-err>Invalid URL: Login&#13;
co.com.udea.sitas.AuthB.userinterfaces.LoginPage.&lt;init&gt;(LoginPage.java:19)&#13;
co.com.udea.sitas.AuthB.stepdefinitions.AutenticacionStepDefinition.queEstoyEnLaPaginaDeInicioDeSesion(AutenticacionStepDefinition.java:43)&#13;
✽.que estoy en la pagina de inicio de sesion(file:///D:/Reset%20Backup/Escritorio/Udea/Calidad%20de%20Software/Nueva%20carpeta/AutomatizacionCalidad/src/test/resources/features/Autenticacion.feature:7)&#13;
</system-err></testcase><testcase name="Iniciar sesion mediante servicios de terceros"/><testcase name="Iniciar sesion con credenciales invalidas"><failure message="Invalid URL: Login" type="java.lang.AssertionError">Invalid URL: Login</failure><system-err>Invalid URL: Login&#13;
co.com.udea.sitas.AuthB.userinterfaces.LoginPage.&lt;init&gt;(LoginPage.java:19)&#13;
co.com.udea.sitas.AuthB.stepdefinitions.AutenticacionStepDefinition.queEstoyEnLaPaginaDeInicioDeSesion(AutenticacionStepDefinition.java:43)&#13;
✽.que estoy en la pagina de inicio de sesion(file:///D:/Reset%20Backup/Escritorio/Udea/Calidad%20de%20Software/Nueva%20carpeta/AutomatizacionCalidad/src/test/resources/features/Autenticacion.feature:17)&#13;
</system-err></testcase><testcase name="Intentos de inicio de sesion excedidos"/></testsuite>