<?xml version="1.0" encoding="UTF-8" standalone="no"?><testsuite errors="3" failures="0" name="Registro de usuario" skipped="0" tests="3" time="0.42" timestamp="2024-05-29 04:04:12"><testcase name="registrar usuario con informacion valida"><error message="no such window: target window already closed&#10;from unknown error: web view not found&#10;  (Session info: chrome=125.0.6422.112)&#10;Build info: version: '4.16.1', revision: '9b4c83354e'&#10;System info: os.name: 'Windows 11', os.arch: 'amd64', os.version: '10.0', java.version: '11.0.20.1'&#10;Driver info: org.openqa.selenium.chrome.ChromeDriver&#10;Command: [aeac58bdbf61a9a9c86e39d7aff3e215, findElement {using=id, value=correo-electronico}]&#10;Capabilities {acceptInsecureCerts: false, browserName: chrome, browserVersion: 125.0.6422.112, chrome: {chromedriverVersion: 125.0.6422.78 (14db42ec38ad..., userDataDir: C:\Users\JUANMA~1\AppData\L...}, fedcm:accounts: true, goog:chromeOptions: {debuggerAddress: localhost:56645}, networkConnectionEnabled: false, pageLoadStrategy: normal, platformName: windows, proxy: Proxy(), se:cdp: ws://localhost:56645/devtoo..., se:cdpVersion: 125.0.6422.112, setWindowRect: true, strictFileInteractability: false, timeouts: {implicit: 0, pageLoad: 300000, script: 30000}, unhandledPromptBehavior: dismiss and notify, webauthn:extension:credBlob: true, webauthn:extension:largeBlob: true, webauthn:extension:minPinLength: true, webauthn:extension:prf: true, webauthn:virtualAuthenticators: true}&#10;Session ID: aeac58bdbf61a9a9c86e39d7aff3e215" type="org.openqa.selenium.NoSuchWindowException">no such window: target window already closed
from unknown error: web view not found
  (Session info: chrome=125.0.6422.112)
Build info: version: '4.16.1', revision: '9b4c83354e'
System info: os.name: 'Windows 11', os.arch: 'amd64', os.version: '10.0', java.version: '11.0.20.1'
Driver info: org.openqa.selenium.chrome.ChromeDriver
Command: [aeac58bdbf61a9a9c86e39d7aff3e215, findElement {using=id, value=correo-electronico}]
Capabilities {acceptInsecureCerts: false, browserName: chrome, browserVersion: 125.0.6422.112, chrome: {chromedriverVersion: 125.0.6422.78 (14db42ec38ad..., userDataDir: C:\Users\JUANMA~1\AppData\L...}, fedcm:accounts: true, goog:chromeOptions: {debuggerAddress: localhost:56645}, networkConnectionEnabled: false, pageLoadStrategy: normal, platformName: windows, proxy: Proxy(), se:cdp: ws://localhost:56645/devtoo..., se:cdpVersion: 125.0.6422.112, setWindowRect: true, strictFileInteractability: false, timeouts: {implicit: 0, pageLoad: 300000, script: 30000}, unhandledPromptBehavior: dismiss and notify, webauthn:extension:credBlob: true, webauthn:extension:largeBlob: true, webauthn:extension:minPinLength: true, webauthn:extension:prf: true, webauthn:virtualAuthenticators: true}
Session ID: aeac58bdbf61a9a9c86e39d7aff3e215</error><system-err>no such window: target window already closed
from unknown error: web view not found
  (Session info: chrome=125.0.6422.112)
Build info: version: '4.16.1', revision: '9b4c83354e'
System info: os.name: 'Windows 11', os.arch: 'amd64', os.version: '10.0', java.version: '11.0.20.1'
Driver info: org.openqa.selenium.chrome.ChromeDriver
Command: [aeac58bdbf61a9a9c86e39d7aff3e215, findElement {using=id, value=correo-electronico}]
Capabilities {acceptInsecureCerts: false, browserName: chrome, browserVersion: 125.0.6422.112, chrome: {chromedriverVersion: 125.0.6422.78 (14db42ec38ad..., userDataDir: C:\Users\JUANMA~1\AppData\L...}, fedcm:accounts: true, goog:chromeOptions: {debuggerAddress: localhost:56645}, networkConnectionEnabled: false, pageLoadStrategy: normal, platformName: windows, proxy: Proxy(), se:cdp: ws://localhost:56645/devtoo..., se:cdpVersion: 125.0.6422.112, setWindowRect: true, strictFileInteractability: false, timeouts: {implicit: 0, pageLoad: 300000, script: 30000}, unhandledPromptBehavior: dismiss and notify, webauthn:extension:credBlob: true, webauthn:extension:largeBlob: true, webauthn:extension:minPinLength: true, webauthn:extension:prf: true, webauthn:virtualAuthenticators: true}
Session ID: aeac58bdbf61a9a9c86e39d7aff3e215&#13;
co.com.udea.sitas.AuthB.interactions.FillSignInForm.performAs(FillSignInForm.java:17)&#13;
co.com.udea.sitas.AuthB.tasks.FillSignIn.performAs(FillSignIn.java:16)&#13;
co.com.udea.sitas.AuthB.stepdefinitions.RegistroStepDefinition.ingresaSuInformacionAlCrearLaCuenta(RegistroStepDefinition.java:53)&#13;
worker.org.gradle.process.internal.worker.GradleWorkerMain.run(GradleWorkerMain.java:69)&#13;
worker.org.gradle.process.internal.worker.GradleWorkerMain.main(GradleWorkerMain.java:74)&#13;
</system-err></testcase><testcase name="registrar usuario con informacion invalida"><error message="no such window: target window already closed&#10;from unknown error: web view not found&#10;  (Session info: chrome=125.0.6422.112)&#10;Build info: version: '4.16.1', revision: '9b4c83354e'&#10;System info: os.name: 'Windows 11', os.arch: 'amd64', os.version: '10.0', java.version: '11.0.20.1'&#10;Driver info: org.openqa.selenium.chrome.ChromeDriver&#10;Command: [aeac58bdbf61a9a9c86e39d7aff3e215, get {url=https://frontend-presencial-auth-b.vercel.app/auth-B/signin}]&#10;Capabilities {acceptInsecureCerts: false, browserName: chrome, browserVersion: 125.0.6422.112, chrome: {chromedriverVersion: 125.0.6422.78 (14db42ec38ad..., userDataDir: C:\Users\JUANMA~1\AppData\L...}, fedcm:accounts: true, goog:chromeOptions: {debuggerAddress: localhost:56645}, networkConnectionEnabled: false, pageLoadStrategy: normal, platformName: windows, proxy: Proxy(), se:cdp: ws://localhost:56645/devtoo..., se:cdpVersion: 125.0.6422.112, setWindowRect: true, strictFileInteractability: false, timeouts: {implicit: 0, pageLoad: 300000, script: 30000}, unhandledPromptBehavior: dismiss and notify, webauthn:extension:credBlob: true, webauthn:extension:largeBlob: true, webauthn:extension:minPinLength: true, webauthn:extension:prf: true, webauthn:virtualAuthenticators: true}&#10;Session ID: aeac58bdbf61a9a9c86e39d7aff3e215" type="org.openqa.selenium.NoSuchWindowException">no such window: target window already closed
from unknown error: web view not found
  (Session info: chrome=125.0.6422.112)
Build info: version: '4.16.1', revision: '9b4c83354e'
System info: os.name: 'Windows 11', os.arch: 'amd64', os.version: '10.0', java.version: '11.0.20.1'
Driver info: org.openqa.selenium.chrome.ChromeDriver
Command: [aeac58bdbf61a9a9c86e39d7aff3e215, get {url=https://frontend-presencial-auth-b.vercel.app/auth-B/signin}]
Capabilities {acceptInsecureCerts: false, browserName: chrome, browserVersion: 125.0.6422.112, chrome: {chromedriverVersion: 125.0.6422.78 (14db42ec38ad..., userDataDir: C:\Users\JUANMA~1\AppData\L...}, fedcm:accounts: true, goog:chromeOptions: {debuggerAddress: localhost:56645}, networkConnectionEnabled: false, pageLoadStrategy: normal, platformName: windows, proxy: Proxy(), se:cdp: ws://localhost:56645/devtoo..., se:cdpVersion: 125.0.6422.112, setWindowRect: true, strictFileInteractability: false, timeouts: {implicit: 0, pageLoad: 300000, script: 30000}, unhandledPromptBehavior: dismiss and notify, webauthn:extension:credBlob: true, webauthn:extension:largeBlob: true, webauthn:extension:minPinLength: true, webauthn:extension:prf: true, webauthn:virtualAuthenticators: true}
Session ID: aeac58bdbf61a9a9c86e39d7aff3e215</error><system-err>no such window: target window already closed
from unknown error: web view not found
  (Session info: chrome=125.0.6422.112)
Build info: version: '4.16.1', revision: '9b4c83354e'
System info: os.name: 'Windows 11', os.arch: 'amd64', os.version: '10.0', java.version: '11.0.20.1'
Driver info: org.openqa.selenium.chrome.ChromeDriver
Command: [aeac58bdbf61a9a9c86e39d7aff3e215, get {url=https://frontend-presencial-auth-b.vercel.app/auth-B/signin}]
Capabilities {acceptInsecureCerts: false, browserName: chrome, browserVersion: 125.0.6422.112, chrome: {chromedriverVersion: 125.0.6422.78 (14db42ec38ad..., userDataDir: C:\Users\JUANMA~1\AppData\L...}, fedcm:accounts: true, goog:chromeOptions: {debuggerAddress: localhost:56645}, networkConnectionEnabled: false, pageLoadStrategy: normal, platformName: windows, proxy: Proxy(), se:cdp: ws://localhost:56645/devtoo..., se:cdpVersion: 125.0.6422.112, setWindowRect: true, strictFileInteractability: false, timeouts: {implicit: 0, pageLoad: 300000, script: 30000}, unhandledPromptBehavior: dismiss and notify, webauthn:extension:credBlob: true, webauthn:extension:largeBlob: true, webauthn:extension:minPinLength: true, webauthn:extension:prf: true, webauthn:virtualAuthenticators: true}
Session ID: aeac58bdbf61a9a9c86e39d7aff3e215&#13;
co.com.udea.sitas.AuthB.tasks.OpenSite.performAs(OpenSite.java:24)&#13;
co.com.udea.sitas.AuthB.stepdefinitions.RegistroStepDefinition.seEncuentraEnLaPaginaDeRegistro(RegistroStepDefinition.java:48)&#13;
worker.org.gradle.process.internal.worker.GradleWorkerMain.run(GradleWorkerMain.java:69)&#13;
worker.org.gradle.process.internal.worker.GradleWorkerMain.main(GradleWorkerMain.java:74)&#13;
</system-err></testcase><testcase name="registrar usuario con una cuenta de google"><error message="no such window: target window already closed&#10;from unknown error: web view not found&#10;  (Session info: chrome=125.0.6422.112)&#10;Build info: version: '4.16.1', revision: '9b4c83354e'&#10;System info: os.name: 'Windows 11', os.arch: 'amd64', os.version: '10.0', java.version: '11.0.20.1'&#10;Driver info: org.openqa.selenium.chrome.ChromeDriver&#10;Command: [aeac58bdbf61a9a9c86e39d7aff3e215, get {url=https://frontend-presencial-auth-b.vercel.app/auth-B/signin}]&#10;Capabilities {acceptInsecureCerts: false, browserName: chrome, browserVersion: 125.0.6422.112, chrome: {chromedriverVersion: 125.0.6422.78 (14db42ec38ad..., userDataDir: C:\Users\JUANMA~1\AppData\L...}, fedcm:accounts: true, goog:chromeOptions: {debuggerAddress: localhost:56645}, networkConnectionEnabled: false, pageLoadStrategy: normal, platformName: windows, proxy: Proxy(), se:cdp: ws://localhost:56645/devtoo..., se:cdpVersion: 125.0.6422.112, setWindowRect: true, strictFileInteractability: false, timeouts: {implicit: 0, pageLoad: 300000, script: 30000}, unhandledPromptBehavior: dismiss and notify, webauthn:extension:credBlob: true, webauthn:extension:largeBlob: true, webauthn:extension:minPinLength: true, webauthn:extension:prf: true, webauthn:virtualAuthenticators: true}&#10;Session ID: aeac58bdbf61a9a9c86e39d7aff3e215" type="org.openqa.selenium.NoSuchWindowException">no such window: target window already closed
from unknown error: web view not found
  (Session info: chrome=125.0.6422.112)
Build info: version: '4.16.1', revision: '9b4c83354e'
System info: os.name: 'Windows 11', os.arch: 'amd64', os.version: '10.0', java.version: '11.0.20.1'
Driver info: org.openqa.selenium.chrome.ChromeDriver
Command: [aeac58bdbf61a9a9c86e39d7aff3e215, get {url=https://frontend-presencial-auth-b.vercel.app/auth-B/signin}]
Capabilities {acceptInsecureCerts: false, browserName: chrome, browserVersion: 125.0.6422.112, chrome: {chromedriverVersion: 125.0.6422.78 (14db42ec38ad..., userDataDir: C:\Users\JUANMA~1\AppData\L...}, fedcm:accounts: true, goog:chromeOptions: {debuggerAddress: localhost:56645}, networkConnectionEnabled: false, pageLoadStrategy: normal, platformName: windows, proxy: Proxy(), se:cdp: ws://localhost:56645/devtoo..., se:cdpVersion: 125.0.6422.112, setWindowRect: true, strictFileInteractability: false, timeouts: {implicit: 0, pageLoad: 300000, script: 30000}, unhandledPromptBehavior: dismiss and notify, webauthn:extension:credBlob: true, webauthn:extension:largeBlob: true, webauthn:extension:minPinLength: true, webauthn:extension:prf: true, webauthn:virtualAuthenticators: true}
Session ID: aeac58bdbf61a9a9c86e39d7aff3e215</error><system-err>no such window: target window already closed
from unknown error: web view not found
  (Session info: chrome=125.0.6422.112)
Build info: version: '4.16.1', revision: '9b4c83354e'
System info: os.name: 'Windows 11', os.arch: 'amd64', os.version: '10.0', java.version: '11.0.20.1'
Driver info: org.openqa.selenium.chrome.ChromeDriver
Command: [aeac58bdbf61a9a9c86e39d7aff3e215, get {url=https://frontend-presencial-auth-b.vercel.app/auth-B/signin}]
Capabilities {acceptInsecureCerts: false, browserName: chrome, browserVersion: 125.0.6422.112, chrome: {chromedriverVersion: 125.0.6422.78 (14db42ec38ad..., userDataDir: C:\Users\JUANMA~1\AppData\L...}, fedcm:accounts: true, goog:chromeOptions: {debuggerAddress: localhost:56645}, networkConnectionEnabled: false, pageLoadStrategy: normal, platformName: windows, proxy: Proxy(), se:cdp: ws://localhost:56645/devtoo..., se:cdpVersion: 125.0.6422.112, setWindowRect: true, strictFileInteractability: false, timeouts: {implicit: 0, pageLoad: 300000, script: 30000}, unhandledPromptBehavior: dismiss and notify, webauthn:extension:credBlob: true, webauthn:extension:largeBlob: true, webauthn:extension:minPinLength: true, webauthn:extension:prf: true, webauthn:virtualAuthenticators: true}
Session ID: aeac58bdbf61a9a9c86e39d7aff3e215&#13;
co.com.udea.sitas.AuthB.tasks.OpenSite.performAs(OpenSite.java:24)&#13;
co.com.udea.sitas.AuthB.stepdefinitions.RegistroStepDefinition.seEncuentraEnLaPaginaDeRegistro(RegistroStepDefinition.java:48)&#13;
worker.org.gradle.process.internal.worker.GradleWorkerMain.run(GradleWorkerMain.java:69)&#13;
worker.org.gradle.process.internal.worker.GradleWorkerMain.main(GradleWorkerMain.java:74)&#13;
</system-err></testcase></testsuite>